{"/Users/kaualandi/Dev/ccomp/edp/task-1/src/main.ts": {"path":"/Users/kaualandi/Dev/ccomp/edp/task-1/src/main.ts","statementMap":{"0":{"start":{"line":6,"column":4},"end":{"line":6,"column":21}},"1":{"start":{"line":7,"column":4},"end":{"line":7,"column":21}},"2":{"start":{"line":1,"column":0},"end":{"line":1,"column":13}},"3":{"start":{"line":15,"column":4},"end":{"line":15,"column":23}},"4":{"start":{"line":19,"column":20},"end":{"line":19,"column":34}},"5":{"start":{"line":20,"column":4},"end":{"line":28,"column":5}},"6":{"start":{"line":21,"column":6},"end":{"line":21,"column":28}},"7":{"start":{"line":23,"column":20},"end":{"line":23,"column":31}},"8":{"start":{"line":24,"column":6},"end":{"line":26,"column":7}},"9":{"start":{"line":25,"column":8},"end":{"line":25,"column":31}},"10":{"start":{"line":27,"column":6},"end":{"line":27,"column":29}},"11":{"start":{"line":32,"column":18},"end":{"line":32,"column":29}},"12":{"start":{"line":33,"column":4},"end":{"line":38,"column":5}},"13":{"start":{"line":34,"column":6},"end":{"line":36,"column":7}},"14":{"start":{"line":35,"column":8},"end":{"line":35,"column":23}},"15":{"start":{"line":37,"column":6},"end":{"line":37,"column":29}},"16":{"start":{"line":39,"column":4},"end":{"line":39,"column":16}},"17":{"start":{"line":43,"column":4},"end":{"line":45,"column":5}},"18":{"start":{"line":44,"column":6},"end":{"line":44,"column":19}},"19":{"start":{"line":47,"column":4},"end":{"line":50,"column":5}},"20":{"start":{"line":48,"column":6},"end":{"line":48,"column":37}},"21":{"start":{"line":49,"column":6},"end":{"line":49,"column":18}},"22":{"start":{"line":52,"column":18},"end":{"line":52,"column":29}},"23":{"start":{"line":53,"column":4},"end":{"line":59,"column":5}},"24":{"start":{"line":54,"column":6},"end":{"line":57,"column":7}},"25":{"start":{"line":55,"column":8},"end":{"line":55,"column":41}},"26":{"start":{"line":56,"column":8},"end":{"line":56,"column":20}},"27":{"start":{"line":58,"column":6},"end":{"line":58,"column":29}},"28":{"start":{"line":61,"column":4},"end":{"line":61,"column":17}},"29":{"start":{"line":65,"column":18},"end":{"line":65,"column":29}},"30":{"start":{"line":66,"column":26},"end":{"line":66,"column":28}},"31":{"start":{"line":67,"column":4},"end":{"line":70,"column":5}},"32":{"start":{"line":68,"column":6},"end":{"line":68,"column":34}},"33":{"start":{"line":69,"column":6},"end":{"line":69,"column":29}},"34":{"start":{"line":71,"column":4},"end":{"line":71,"column":52}},"35":{"start":{"line":11,"column":0},"end":{"line":11,"column":13}},"36":{"start":{"line":75,"column":13},"end":{"line":75,"column":30}},"37":{"start":{"line":76,"column":0},"end":{"line":76,"column":17}},"38":{"start":{"line":77,"column":0},"end":{"line":77,"column":17}},"39":{"start":{"line":78,"column":0},"end":{"line":78,"column":17}},"40":{"start":{"line":79,"column":0},"end":{"line":79,"column":12}},"41":{"start":{"line":80,"column":0},"end":{"line":80,"column":29}},"42":{"start":{"line":81,"column":0},"end":{"line":81,"column":29}},"43":{"start":{"line":82,"column":0},"end":{"line":82,"column":12}}},"fnMap":{"0":{"name":"(anonymous_0)","decl":{"start":{"line":5,"column":2},"end":{"line":5,"column":14}},"loc":{"start":{"line":5,"column":21},"end":{"line":8,"column":3}}},"1":{"name":"(anonymous_1)","decl":{"start":{"line":14,"column":2},"end":{"line":14,"column":null}},"loc":{"start":{"line":14,"column":2},"end":{"line":16,"column":3}}},"2":{"name":"(anonymous_2)","decl":{"start":{"line":18,"column":2},"end":{"line":18,"column":9}},"loc":{"start":{"line":18,"column":17},"end":{"line":29,"column":3}}},"3":{"name":"(anonymous_3)","decl":{"start":{"line":31,"column":2},"end":{"line":31,"column":8}},"loc":{"start":{"line":31,"column":16},"end":{"line":40,"column":3}}},"4":{"name":"(anonymous_4)","decl":{"start":{"line":42,"column":2},"end":{"line":42,"column":8}},"loc":{"start":{"line":42,"column":16},"end":{"line":62,"column":3}}},"5":{"name":"(anonymous_5)","decl":{"start":{"line":64,"column":2},"end":{"line":64,"column":6}},"loc":{"start":{"line":64,"column":6},"end":{"line":72,"column":3}}}},"branchMap":{"0":{"loc":{"start":{"line":20,"column":4},"end":{"line":28,"column":5}},"type":"if","locations":[{"start":{"line":20,"column":4},"end":{"line":28,"column":5}},{"start":{"line":22,"column":11},"end":{"line":28,"column":5}}]},"1":{"loc":{"start":{"line":34,"column":6},"end":{"line":36,"column":7}},"type":"if","locations":[{"start":{"line":34,"column":6},"end":{"line":36,"column":7}}]},"2":{"loc":{"start":{"line":43,"column":4},"end":{"line":45,"column":5}},"type":"if","locations":[{"start":{"line":43,"column":4},"end":{"line":45,"column":5}}]},"3":{"loc":{"start":{"line":47,"column":4},"end":{"line":50,"column":5}},"type":"if","locations":[{"start":{"line":47,"column":4},"end":{"line":50,"column":5}}]},"4":{"loc":{"start":{"line":54,"column":6},"end":{"line":57,"column":7}},"type":"if","locations":[{"start":{"line":54,"column":6},"end":{"line":57,"column":7}}]}},"s":{"0":13,"1":13,"2":1,"3":5,"4":13,"5":13,"6":5,"7":8,"8":8,"9":3,"10":8,"11":6,"12":6,"13":12,"14":5,"15":7,"16":1,"17":3,"18":0,"19":3,"20":0,"21":0,"22":3,"23":3,"24":3,"25":2,"26":2,"27":1,"28":1,"29":2,"30":2,"31":2,"32":5,"33":5,"34":2,"35":1,"36":1,"37":1,"38":1,"39":1,"40":1,"41":1,"42":1,"43":1},"f":{"0":13,"1":5,"2":13,"3":6,"4":3,"5":2},"b":{"0":[5,8],"1":[5],"2":[0],"3":[0],"4":[2]}}
}
