TN:
SF:src/main.ts
FN:5,(anonymous_0)
FN:14,(anonymous_1)
FN:18,(anonymous_2)
FN:31,(anonymous_3)
FN:42,(anonymous_4)
FN:64,(anonymous_5)
FNF:6
FNH:6
FNDA:13,(anonymous_0)
FNDA:5,(anonymous_1)
FNDA:13,(anonymous_2)
FNDA:6,(anonymous_3)
FNDA:3,(anonymous_4)
FNDA:2,(anonymous_5)
DA:1,1
DA:6,13
DA:7,13
DA:11,1
DA:15,5
DA:19,13
DA:20,13
DA:21,5
DA:23,8
DA:24,8
DA:25,3
DA:27,8
DA:32,6
DA:33,6
DA:34,12
DA:35,5
DA:37,7
DA:39,1
DA:43,3
DA:44,0
DA:47,3
DA:48,0
DA:49,0
DA:52,3
DA:53,3
DA:54,3
DA:55,2
DA:56,2
DA:58,1
DA:61,1
DA:65,2
DA:66,2
DA:67,2
DA:68,5
DA:69,5
DA:71,2
DA:75,1
DA:76,1
DA:77,1
DA:78,1
DA:79,1
DA:80,1
DA:81,1
DA:82,1
LF:44
LH:41
BRDA:20,0,0,5
BRDA:20,0,1,8
BRDA:34,1,0,5
BRDA:43,2,0,0
BRDA:47,3,0,0
BRDA:54,4,0,2
BRF:6
BRH:4
end_of_record
